{"time":"2024-09-20T17:18:17.201868404+05:00","level":"WARN","msg":"Topic already exists","topic":"user.registered"}
{"time":"2024-09-20T17:18:17.229205842+05:00","level":"WARN","msg":"Topic already exists","topic":"user.updated"}
{"time":"2024-09-20T17:18:17.254805747+05:00","level":"WARN","msg":"Topic already exists","topic":"user.deleted"}
{"time":"2024-09-20T17:18:17.275554593+05:00","level":"WARN","msg":"Topic already exists","topic":"user.password.updated"}
{"time":"2024-09-20T17:18:17.296710809+05:00","level":"WARN","msg":"Topic already exists","topic":"user.followed"}
{"time":"2024-09-20T17:18:17.317225414+05:00","level":"WARN","msg":"Topic already exists","topic":"user.unfollowed"}
{"time":"2024-09-20T17:18:17.338321588+05:00","level":"WARN","msg":"Topic already exists","topic":"user.tweet.created"}
{"time":"2024-09-20T17:18:17.357214799+05:00","level":"WARN","msg":"Topic already exists","topic":"user.tweet.updated"}
{"time":"2024-09-20T17:18:17.375992186+05:00","level":"WARN","msg":"Topic already exists","topic":"user.tweet.deleted"}
{"time":"2024-09-20T17:18:17.396979915+05:00","level":"WARN","msg":"Topic already exists","topic":"user.tweet.views.increased"}
{"time":"2024-09-20T17:18:17.413171015+05:00","level":"WARN","msg":"Topic already exists","topic":"user.tweet.repost.increased"}
{"time":"2024-09-20T17:18:17.426268091+05:00","level":"WARN","msg":"Topic already exists","topic":"user.tweet.shares.increased"}
{"time":"2024-09-20T17:18:17.436042948+05:00","level":"WARN","msg":"Topic already exists","topic":"user.tweet.comment.created"}
{"time":"2024-09-20T17:18:17.447424596+05:00","level":"WARN","msg":"Topic already exists","topic":"user.tweet.comment.deleted"}
{"time":"2024-09-20T17:18:17.456745629+05:00","level":"WARN","msg":"Topic already exists","topic":"user.tweet.like"}
{"time":"2024-09-20T17:18:17.464839718+05:00","level":"WARN","msg":"Topic already exists","topic":"user.tweet.unlike"}
{"time":"2024-09-20T17:18:17.475684174+05:00","level":"WARN","msg":"Topic already exists","topic":"user.tweet.comment.like"}
{"time":"2024-09-20T17:18:17.484531839+05:00","level":"WARN","msg":"Topic already exists","topic":"user.tweet.comment.unlike"}
{"time":"2024-09-20T17:18:17.484583646+05:00","level":"INFO","msg":"Successfully created topics","topics":["user.registered","user.updated","user.deleted","user.password.updated","user.followed","user.unfollowed","user.tweet.created","user.tweet.updated","user.tweet.deleted","user.tweet.views.increased","user.tweet.repost.increased","user.tweet.shares.increased","user.tweet.comment.created","user.tweet.comment.deleted","user.tweet.like","user.tweet.unlike","user.tweet.comment.like","user.tweet.comment.unlike"],"count":18}
{"time":"2024-09-20T17:18:27.957045958+05:00","level":"INFO","msg":"GetAllTweets called"}
{"time":"2024-09-20T17:18:27.961047398+05:00","level":"INFO","msg":"All tweets retrieved successfully","username":"abdulazizax"}
{"time":"2024-09-20T17:18:49.730707245+05:00","level":"INFO","msg":"CreateTweetHandler called"}
{"time":"2024-09-20T17:18:49.738526966+05:00","level":"INFO","msg":"Message delivered","topic":"user.tweet.created","partition":0,"offset":5}
{"time":"2024-09-20T17:18:49.738594949+05:00","level":"INFO","msg":"Tweet created successfully","username":"abdulazizax"}
{"time":"2024-09-20T17:18:57.550570273+05:00","level":"INFO","msg":"GetAllTweets called"}
{"time":"2024-09-20T17:18:57.551686043+05:00","level":"INFO","msg":"All tweets retrieved successfully","username":"abdulazizax"}
