{"time":"2024-09-19T21:46:26.259856987+05:00","level":"ERROR","msg":"Error while consuming message","error":"GroupCoordinator: abdulaziz-ax:9092: Failed to connect to broker at [abdulaziz-ax]:9092: Invalid argument (after 5ms in state CONNECT)"}
{"time":"2024-09-19T21:46:26.272552455+05:00","level":"INFO","msg":"Server has started running","port":":8082"}
{"time":"2024-09-19T21:46:37.317849052+05:00","level":"INFO","msg":"Getting tweet","username":"abdulazizax"}
{"time":"2024-09-19T21:47:04.337484948+05:00","level":"INFO","msg":"Getting tweet","username":"abdulazizax"}
{"time":"2024-09-19T21:47:08.580958012+05:00","level":"INFO","msg":"Increasing views count","username":""}
{"time":"2024-09-19T21:47:08.58155749+05:00","level":"ERROR","msg":"Error while consuming message","error":"abdulaziz-ax:9092/0: Failed to connect to broker at [abdulaziz-ax]:9092: Invalid argument (after 5ms in state CONNECT)"}
{"time":"2024-09-19T21:47:08.582642271+05:00","level":"ERROR","msg":"Error while consuming message","error":"abdulaziz-ax:9092/0: Failed to connect to broker at [abdulaziz-ax]:9092: Invalid argument (after 7ms in state CONNECT)"}
{"time":"2024-09-19T21:47:08.582823183+05:00","level":"ERROR","msg":"Tweet not found","username":"","tweet_serial":0}
{"time":"2024-09-19T21:47:08.58311682+05:00","level":"ERROR","msg":"Failed processing message","topic":"user.tweet.views.increased","error":"tweet not found"}
{"time":"2024-09-19T21:47:08.583345255+05:00","level":"ERROR","msg":"Error while consuming message","error":"abdulaziz-ax:9092/0: Failed to connect to broker at [abdulaziz-ax]:9092: Invalid argument (after 7ms in state CONNECT)"}
{"time":"2024-09-19T21:47:11.938384079+05:00","level":"INFO","msg":"Increasing views count","username":""}
{"time":"2024-09-19T21:47:11.938923166+05:00","level":"ERROR","msg":"Tweet not found","username":"","tweet_serial":0}
{"time":"2024-09-19T21:47:11.939067419+05:00","level":"ERROR","msg":"Failed processing message","topic":"user.tweet.views.increased","error":"tweet not found"}
{"time":"2024-09-19T21:48:56.293222757+05:00","level":"INFO","msg":"Increasing views count","username":""}
{"time":"2024-09-19T21:48:56.293861187+05:00","level":"ERROR","msg":"Tweet not found","username":"","tweet_serial":0}
{"time":"2024-09-19T21:48:56.293976335+05:00","level":"ERROR","msg":"Failed processing message","topic":"user.tweet.views.increased","error":"tweet not found"}
{"time":"2024-09-19T21:49:47.520510526+05:00","level":"INFO","msg":"Increasing views count","username":"abdulazizax"}
{"time":"2024-09-19T21:49:47.522299716+05:00","level":"INFO","msg":"Successfully processed message","topic":"user.tweet.views.increased"}
{"time":"2024-09-19T21:49:54.68291502+05:00","level":"INFO","msg":"Getting tweet","username":"abdulazizax"}
{"time":"2024-09-19T21:50:21.356536444+05:00","level":"INFO","msg":"Increasing shares count","username":"abdulazizax"}
{"time":"2024-09-19T21:50:21.35830167+05:00","level":"INFO","msg":"Successfully processed message","topic":"user.tweet.shares.increased"}
{"time":"2024-09-19T21:50:29.661532171+05:00","level":"INFO","msg":"Getting tweet","username":"abdulazizax"}
{"time":"2024-09-19T21:50:50.061001195+05:00","level":"INFO","msg":"Increasing repost count","username":"abdulazizax"}
{"time":"2024-09-19T21:50:50.063554611+05:00","level":"INFO","msg":"Successfully processed message","topic":"user.tweet.repost.increased"}
{"time":"2024-09-19T21:50:56.285332557+05:00","level":"INFO","msg":"Getting tweet","username":"abdulazizax"}
{"time":"2024-09-19T21:51:06.953798888+05:00","level":"INFO","msg":"Getting all tweets","username":"abdulazizax"}
